#
# A fatal error has been detected by the Java Runtime Environment:
#
#  EXCEPTION_ACCESS_VIOLATION (0xc0000005) at pc=0x0000022711391066, pid=18440, tid=22048
#
# JRE version: Java(TM) SE Runtime Environment (11.0.1+13) (build 11.0.1+13-LTS)
# Java VM: Java HotSpot(TM) 64-Bit Server VM (11.0.1+13-LTS, mixed mode, tiered, compressed oops, g1 gc, windows-amd64)
# Problematic frame:
# C  [OpenAL64.dll+0x11066]
#
# No core dump will be written. Minidumps are not enabled by default on client versions of Windows
#
# If you would like to submit a bug report, please visit:
#   http://bugreport.java.com/bugreport/crash.jsp
# The crash happened outside the Java Virtual Machine in native code.
# See problematic frame for where to report the bug.
#

---------------  S U M M A R Y ------------

Command Line: -Djava.library.path=D:\Users\jakem\Documents\jakemchugh1\Space Shooter\lib\natives -javaagent:D:\Program Files\JetBrains\IntelliJ IDEA 2018.2.6\lib\idea_rt.jar=61404:D:\Program Files\JetBrains\IntelliJ IDEA 2018.2.6\bin -Dfile.encoding=UTF-8 main.SpaceEngine

Host: Intel(R) Core(TM) i3-6100 CPU @ 3.70GHz, 4 cores, 7G,  Windows 10 , 64 bit Build 17763 (10.0.17763.1)
Time: Sat Jun 29 18:02:18 2019 Pacific Daylight Time elapsed time: 1 seconds (0d 0h 0m 1s)

---------------  T H R E A D  ---------------

Current thread (0x0000022766887000):  JavaThread "main" [_thread_in_native, id=22048, stack(0x000000ce45400000,0x000000ce45500000)]

Stack: [0x000000ce45400000,0x000000ce45500000],  sp=0x000000ce454fd080,  free space=1012k
Native frames: (J=compiled Java code, j=interpreted, Vv=VM code, C=native code)
C  [OpenAL64.dll+0x11066]

Java frames: (J=compiled Java code, j=interpreted, Vv=VM code)
j  org.lwjgl.openal.ALC10.nalcCreateContext(JJ)J+0
j  org.lwjgl.openal.ALC10.alcCreateContext(Lorg/lwjgl/openal/ALCdevice;Ljava/nio/IntBuffer;)Lorg/lwjgl/openal/ALCcontext;+8
j  org.lwjgl.openal.AL.init(Ljava/lang/String;IIZZ)V+69
j  org.lwjgl.openal.AL.create(Ljava/lang/String;IIZZ)V+246
j  org.lwjgl.openal.AL.create(Ljava/lang/String;IIZ)V+5
j  org.lwjgl.openal.AL.create()V+6
j  org.newdawn.slick.openal.SoundStore$1.run()Ljava/lang/Object;+0
v  ~StubRoutines::call_stub
j  java.security.AccessController.doPrivileged(Ljava/security/PrivilegedAction;)Ljava/lang/Object;+0 java.base@11.0.1
j  org.newdawn.slick.openal.SoundStore.init()V+26
j  org.newdawn.slick.Music.<init>(Ljava/lang/String;Z)V+29
j  org.newdawn.slick.Music.<init>(Ljava/lang/String;)V+3
j  main.SpaceEngine.<init>()V+27
j  main.SpaceEngine.main([Ljava/lang/String;)V+4
v  ~StubRoutines::call_stub

siginfo: EXCEPTION_ACCESS_VIOLATION (0xc0000005), reading address 0x0000022707a90004


Register to memory mapping:

RIP=0x0000022711391066 OpenAL64.dll
RAX=0x0000000000000004 is an unknown value
RBX=0x0000022711520090 points into unknown readable memory
RCX=0x0000022707a90008 is an unknown value
RDX=0x0000022707a90004 is an unknown value
RSP=0x000000ce454fd080 is pointing into the stack for thread: 0x0000022766887000
RBP=0x00000000000000ff is an unknown value
RSI=0x0000022707a899ac points into unknown readable memory
RDI=0x0 is NULL
R8 =0x0000000000001996 is an unknown value
R9 =0x0000022707a899ac points into unknown readable memory
R10=0x000002276ebbf008 is at code_begin+1000 in an Interpreter codelet
method entry point (kind = native)  [0x000002276ebbec20, 0x000002276ebbf780]  2912 bytes
R11=0x0000000087f08820 is an oop
java.lang.Class 
{0x0000000087f08820} - klass: 'java/lang/Class'
R12=0x0000000000000001 is an unknown value
R13={method} {0x000002271063cac8} 'nalcCreateContext' '(JJ)J' in 'org/lwjgl/openal/ALC10'
R14=0x000000ce454fd220 is pointing into the stack for thread: 0x0000022766887000
R15=0x0000022766887000 is a thread


Registers:
RAX=0x0000000000000004, RBX=0x0000022711520090, RCX=0x0000022707a90008, RDX=0x0000022707a90004
RSP=0x000000ce454fd080, RBP=0x00000000000000ff, RSI=0x0000022707a899ac, RDI=0x0000000000000000
R8 =0x0000000000001996, R9 =0x0000022707a899ac, R10=0x000002276ebbf008, R11=0x0000000087f08820
R12=0x0000000000000001, R13=0x000002271063cac0, R14=0x000000ce454fd220, R15=0x0000022766887000
RIP=0x0000022711391066, EFLAGS=0x0000000000010202

Top of Stack: (sp=0x000000ce454fd080)
0x000000ce454fd080:   0000000200000004 0000000000000002
0x000000ce454fd090:   0000022766887a50 0000002800000003
0x000000ce454fd0a0:   000000ce454fd220 000000ce454fd220
0x000000ce454fd0b0:   000002271063cac0 00007ffd466bd0df
0x000000ce454fd0c0:   0000000000000010 00000000000033d8
0x000000ce454fd0d0:   0000022766887000 0000022766887000
0x000000ce454fd0e0:   00000227647cf2a0 00007ffd468bc0b3
0x000000ce454fd0f0:   0000022766887000 000000ce454fd220
0x000000ce454fd100:   000002271063cac0 0000000000000000
0x000000ce454fd110:   0000022707a899ac 00000000000033d8
0x000000ce454fd120:   000000ce454fd1e8 000002271139248f
0x000000ce454fd130:   0000022711520090 0000022711520090
0x000000ce454fd140:   000002270000ac44 0000022700000004
0x000000ce454fd150:   0000000000000010 000002276ebbf037
0x000000ce454fd160:   000002271063cac0 000002276ebbed1c
0x000000ce454fd170:   0000022766887000 000002271063cac0 

Instructions: (pc=0x0000022711391066)
0x0000022711391046:   41 2b ec 81 3a 03 00 02 00 75 09 8b 01 89 84 24
0x0000022711391056:   c8 00 00 00 49 83 c0 02 48 83 c1 08 4a 8d 14 86
0x0000022711391066:   39 3a 75 af 4c 8d 84 24 c0 00 00 00 48 8d 15 d7
0x0000022711391076:   2b 03 00 33 c9 e8 58 5f 00 00 b8 40 1f 00 00 4c 



---------------  P R O C E S S  ---------------

Threads class SMR info:
_java_thread_list=0x000002277f813d80, length=11, elements={
0x0000022766887000, 0x000002277ecc5000, 0x000002277eccf000, 0x000002277f632800,
0x000002277ecbc000, 0x000002277ecbe000, 0x000002277ece9000, 0x000002277f684800,
0x000002277ec48800, 0x000002277f935800, 0x000002277f936000
}

Java Threads: ( => current thread )
=>0x0000022766887000 JavaThread "main" [_thread_in_native, id=22048, stack(0x000000ce45400000,0x000000ce45500000)]
  0x000002277ecc5000 JavaThread "Reference Handler" daemon [_thread_blocked, id=704, stack(0x000000ce45b00000,0x000000ce45c00000)]
  0x000002277eccf000 JavaThread "Finalizer" daemon [_thread_blocked, id=22844, stack(0x000000ce45c00000,0x000000ce45d00000)]
  0x000002277f632800 JavaThread "Signal Dispatcher" daemon [_thread_blocked, id=19700, stack(0x000000ce45d00000,0x000000ce45e00000)]
  0x000002277ecbc000 JavaThread "Attach Listener" daemon [_thread_blocked, id=9364, stack(0x000000ce45e00000,0x000000ce45f00000)]
  0x000002277ecbe000 JavaThread "C2 CompilerThread0" daemon [_thread_blocked, id=7160, stack(0x000000ce45f00000,0x000000ce46000000)]
  0x000002277ece9000 JavaThread "C1 CompilerThread0" daemon [_thread_blocked, id=2052, stack(0x000000ce46000000,0x000000ce46100000)]
  0x000002277f684800 JavaThread "Sweeper thread" daemon [_thread_blocked, id=12104, stack(0x000000ce46100000,0x000000ce46200000)]
  0x000002277ec48800 JavaThread "Common-Cleaner" daemon [_thread_blocked, id=6116, stack(0x000000ce46200000,0x000000ce46300000)]
  0x000002277f935800 JavaThread "Monitor Ctrl-Break" daemon [_thread_in_native, id=22828, stack(0x000000ce46300000,0x000000ce46400000)]
  0x000002277f936000 JavaThread "Service Thread" daemon [_thread_blocked, id=12720, stack(0x000000ce46400000,0x000000ce46500000)]

Other Threads:
  0x000002277ec8d000 VMThread "VM Thread" [stack: 0x000000ce45a00000,0x000000ce45b00000] [id=23324]
  0x000002277f93a800 WatcherThread [stack: 0x000000ce46500000,0x000000ce46600000] [id=16248]
  0x000002276689e000 GCTaskThread "GC Thread#0" [stack: 0x000000ce45500000,0x000000ce45600000] [id=1424]
  0x00000227668cd000 ConcurrentGCThread "G1 Main Marker" [stack: 0x000000ce45600000,0x000000ce45700000] [id=12932]
  0x00000227668cf800 ConcurrentGCThread "G1 Conc#0" [stack: 0x000000ce45700000,0x000000ce45800000] [id=1564]
  0x000002276695d800 ConcurrentGCThread "G1 Refine#0" [stack: 0x000000ce45800000,0x000000ce45900000] [id=20700]
  0x000002277eaf4800 ConcurrentGCThread "G1 Young RemSet Sampling" [stack: 0x000000ce45900000,0x000000ce45a00000] [id=21472]

Threads with active compile tasks:

VM state:not at safepoint (normal execution)

VM Mutex/Monitor currently owned by a thread: None

Heap address: 0x0000000080a00000, size: 2038 MB, Compressed Oops mode: 32-bit
Narrow klass base: 0x0000000000000000, Narrow klass shift: 3
Compressed class space size: 1073741824 Address: 0x0000000100000000

Heap:
 garbage-first heap   total 131072K, used 9216K [0x0000000080a00000, 0x0000000100000000)
  region size 1024K, 11 young (11264K), 0 survivors (0K)
 Metaspace       used 9819K, capacity 10030K, committed 10112K, reserved 1058816K
  class space    used 821K, capacity 886K, committed 896K, reserved 1048576K
Heap Regions: E=young(eden), S=young(survivor), O=old, HS=humongous(starts), HC=humongous(continues), CS=collection set, F=free, A=archive, TAMS=top-at-mark-start (previous, next)
|   0|0x0000000080a00000, 0x0000000080a00000, 0x0000000080b00000|  0%| F|  |TAMS 0x0000000080a00000, 0x0000000080a00000| Untracked 
|   1|0x0000000080b00000, 0x0000000080b00000, 0x0000000080c00000|  0%| F|  |TAMS 0x0000000080b00000, 0x0000000080b00000| Untracked 
|   2|0x0000000080c00000, 0x0000000080c00000, 0x0000000080d00000|  0%| F|  |TAMS 0x0000000080c00000, 0x0000000080c00000| Untracked 
|   3|0x0000000080d00000, 0x0000000080d00000, 0x0000000080e00000|  0%| F|  |TAMS 0x0000000080d00000, 0x0000000080d00000| Untracked 
|   4|0x0000000080e00000, 0x0000000080e00000, 0x0000000080f00000|  0%| F|  |TAMS 0x0000000080e00000, 0x0000000080e00000| Untracked 
|   5|0x0000000080f00000, 0x0000000080f00000, 0x0000000081000000|  0%| F|  |TAMS 0x0000000080f00000, 0x0000000080f00000| Untracked 
|   6|0x0000000081000000, 0x0000000081000000, 0x0000000081100000|  0%| F|  |TAMS 0x0000000081000000, 0x0000000081000000| Untracked 
|   7|0x0000000081100000, 0x0000000081100000, 0x0000000081200000|  0%| F|  |TAMS 0x0000000081100000, 0x0000000081100000| Untracked 
|   8|0x0000000081200000, 0x0000000081200000, 0x0000000081300000|  0%| F|  |TAMS 0x0000000081200000, 0x0000000081200000| Untracked 
|   9|0x0000000081300000, 0x0000000081300000, 0x0000000081400000|  0%| F|  |TAMS 0x0000000081300000, 0x0000000081300000| Untracked 
|  10|0x0000000081400000, 0x0000000081400000, 0x0000000081500000|  0%| F|  |TAMS 0x0000000081400000, 0x0000000081400000| Untracked 
|  11|0x0000000081500000, 0x0000000081500000, 0x0000000081600000|  0%| F|  |TAMS 0x0000000081500000, 0x0000000081500000| Untracked 
|  12|0x0000000081600000, 0x0000000081600000, 0x0000000081700000|  0%| F|  |TAMS 0x0000000081600000, 0x0000000081600000| Untracked 
|  13|0x0000000081700000, 0x0000000081700000, 0x0000000081800000|  0%| F|  |TAMS 0x0000000081700000, 0x0000000081700000| Untracked 
|  14|0x0000000081800000, 0x0000000081800000, 0x0000000081900000|  0%| F|  |TAMS 0x0000000081800000, 0x0000000081800000| Untracked 
|  15|0x0000000081900000, 0x0000000081900000, 0x0000000081a00000|  0%| F|  |TAMS 0x0000000081900000, 0x0000000081900000| Untracked 
|  16|0x0000000081a00000, 0x0000000081a00000, 0x0000000081b00000|  0%| F|  |TAMS 0x0000000081a00000, 0x0000000081a00000| Untracked 
|  17|0x0000000081b00000, 0x0000000081b00000, 0x0000000081c00000|  0%| F|  |TAMS 0x0000000081b00000, 0x0000000081b00000| Untracked 
|  18|0x0000000081c00000, 0x0000000081c00000, 0x0000000081d00000|  0%| F|  |TAMS 0x0000000081c00000, 0x0000000081c00000| Untracked 
|  19|0x0000000081d00000, 0x0000000081d00000, 0x0000000081e00000|  0%| F|  |TAMS 0x0000000081d00000, 0x0000000081d00000| Untracked 
|  20|0x0000000081e00000, 0x0000000081e00000, 0x0000000081f00000|  0%| F|  |TAMS 0x0000000081e00000, 0x0000000081e00000| Untracked 
|  21|0x0000000081f00000, 0x0000000081f00000, 0x0000000082000000|  0%| F|  |TAMS 0x0000000081f00000, 0x0000000081f00000| Untracked 
|  22|0x0000000082000000, 0x0000000082000000, 0x0000000082100000|  0%| F|  |TAMS 0x0000000082000000, 0x0000000082000000| Untracked 
|  23|0x0000000082100000, 0x0000000082100000, 0x0000000082200000|  0%| F|  |TAMS 0x0000000082100000, 0x0000000082100000| Untracked 
|  24|0x0000000082200000, 0x0000000082200000, 0x0000000082300000|  0%| F|  |TAMS 0x0000000082200000, 0x0000000082200000| Untracked 
|  25|0x0000000082300000, 0x0000000082300000, 0x0000000082400000|  0%| F|  |TAMS 0x0000000082300000, 0x0000000082300000| Untracked 
|  26|0x0000000082400000, 0x0000000082400000, 0x0000000082500000|  0%| F|  |TAMS 0x0000000082400000, 0x0000000082400000| Untracked 
|  27|0x0000000082500000, 0x0000000082500000, 0x0000000082600000|  0%| F|  |TAMS 0x0000000082500000, 0x0000000082500000| Untracked 
|  28|0x0000000082600000, 0x0000000082600000, 0x0000000082700000|  0%| F|  |TAMS 0x0000000082600000, 0x0000000082600000| Untracked 
|  29|0x0000000082700000, 0x0000000082700000, 0x0000000082800000|  0%| F|  |TAMS 0x0000000082700000, 0x0000000082700000| Untracked 
|  30|0x0000000082800000, 0x0000000082800000, 0x0000000082900000|  0%| F|  |TAMS 0x0000000082800000, 0x0000000082800000| Untracked 
|  31|0x0000000082900000, 0x0000000082900000, 0x0000000082a00000|  0%| F|  |TAMS 0x0000000082900000, 0x0000000082900000| Untracked 
|  32|0x0000000082a00000, 0x0000000082a00000, 0x0000000082b00000|  0%| F|  |TAMS 0x0000000082a00000, 0x0000000082a00000| Untracked 
|  33|0x0000000082b00000, 0x0000000082b00000, 0x0000000082c00000|  0%| F|  |TAMS 0x0000000082b00000, 0x0000000082b00000| Untracked 
|  34|0x0000000082c00000, 0x0000000082c00000, 0x0000000082d00000|  0%| F|  |TAMS 0x0000000082c00000, 0x0000000082c00000| Untracked 
|  35|0x0000000082d00000, 0x0000000082d00000, 0x0000000082e00000|  0%| F|  |TAMS 0x0000000082d00000, 0x0000000082d00000| Untracked 
|  36|0x0000000082e00000, 0x0000000082e00000, 0x0000000082f00000|  0%| F|  |TAMS 0x0000000082e00000, 0x0000000082e00000| Untracked 
|  37|0x0000000082f00000, 0x0000000082f00000, 0x0000000083000000|  0%| F|  |TAMS 0x0000000082f00000, 0x0000000082f00000| Untracked 
|  38|0x0000000083000000, 0x0000000083000000, 0x0000000083100000|  0%| F|  |TAMS 0x0000000083000000, 0x0000000083000000| Untracked 
|  39|0x0000000083100000, 0x0000000083100000, 0x0000000083200000|  0%| F|  |TAMS 0x0000000083100000, 0x0000000083100000| Untracked 
|  40|0x0000000083200000, 0x0000000083200000, 0x0000000083300000|  0%| F|  |TAMS 0x0000000083200000, 0x0000000083200000| Untracked 
|  41|0x0000000083300000, 0x0000000083300000, 0x0000000083400000|  0%| F|  |TAMS 0x0000000083300000, 0x0000000083300000| Untracked 
|  42|0x0000000083400000, 0x0000000083400000, 0x0000000083500000|  0%| F|  |TAMS 0x0000000083400000, 0x0000000083400000| Untracked 
|  43|0x0000000083500000, 0x0000000083500000, 0x0000000083600000|  0%| F|  |TAMS 0x0000000083500000, 0x0000000083500000| Untracked 
|  44|0x0000000083600000, 0x0000000083600000, 0x0000000083700000|  0%| F|  |TAMS 0x0000000083600000, 0x0000000083600000| Untracked 
|  45|0x0000000083700000, 0x0000000083700000, 0x0000000083800000|  0%| F|  |TAMS 0x0000000083700000, 0x0000000083700000| Untracked 
|  46|0x0000000083800000, 0x0000000083800000, 0x0000000083900000|  0%| F|  |TAMS 0x0000000083800000, 0x0000000083800000| Untracked 
|  47|0x0000000083900000, 0x0000000083900000, 0x0000000083a00000|  0%| F|  |TAMS 0x0000000083900000, 0x0000000083900000| Untracked 
|  48|0x0000000083a00000, 0x0000000083a00000, 0x0000000083b00000|  0%| F|  |TAMS 0x0000000083a00000, 0x0000000083a00000| Untracked 
|  49|0x0000000083b00000, 0x0000000083b00000, 0x0000000083c00000|  0%| F|  |TAMS 0x0000000083b00000, 0x0000000083b00000| Untracked 
|  50|0x0000000083c00000, 0x0000000083c00000, 0x0000000083d00000|  0%| F|  |TAMS 0x0000000083c00000, 0x0000000083c00000| Untracked 
|  51|0x0000000083d00000, 0x0000000083d00000, 0x0000000083e00000|  0%| F|  |TAMS 0x0000000083d00000, 0x0000000083d00000| Untracked 
|  52|0x0000000083e00000, 0x0000000083e00000, 0x0000000083f00000|  0%| F|  |TAMS 0x0000000083e00000, 0x0000000083e00000| Untracked 
|  53|0x0000000083f00000, 0x0000000083f00000, 0x0000000084000000|  0%| F|  |TAMS 0x0000000083f00000, 0x0000000083f00000| Untracked 
|  54|0x0000000084000000, 0x0000000084000000, 0x0000000084100000|  0%| F|  |TAMS 0x0000000084000000, 0x0000000084000000| Untracked 
|  55|0x0000000084100000, 0x0000000084100000, 0x0000000084200000|  0%| F|  |TAMS 0x0000000084100000, 0x0000000084100000| Untracked 
|  56|0x0000000084200000, 0x0000000084200000, 0x0000000084300000|  0%| F|  |TAMS 0x0000000084200000, 0x0000000084200000| Untracked 
|  57|0x0000000084300000, 0x0000000084300000, 0x0000000084400000|  0%| F|  |TAMS 0x0000000084300000, 0x0000000084300000| Untracked 
|  58|0x0000000084400000, 0x0000000084400000, 0x0000000084500000|  0%| F|  |TAMS 0x0000000084400000, 0x0000000084400000| Untracked 
|  59|0x0000000084500000, 0x0000000084500000, 0x0000000084600000|  0%| F|  |TAMS 0x0000000084500000, 0x0000000084500000| Untracked 
|  60|0x0000000084600000, 0x0000000084600000, 0x0000000084700000|  0%| F|  |TAMS 0x0000000084600000, 0x0000000084600000| Untracked 
|  61|0x0000000084700000, 0x0000000084700000, 0x0000000084800000|  0%| F|  |TAMS 0x0000000084700000, 0x0000000084700000| Untracked 
|  62|0x0000000084800000, 0x0000000084800000, 0x0000000084900000|  0%| F|  |TAMS 0x0000000084800000, 0x0000000084800000| Untracked 
|  63|0x0000000084900000, 0x0000000084900000, 0x0000000084a00000|  0%| F|  |TAMS 0x0000000084900000, 0x0000000084900000| Untracked 
|  64|0x0000000084a00000, 0x0000000084a00000, 0x0000000084b00000|  0%| F|  |TAMS 0x0000000084a00000, 0x0000000084a00000| Untracked 
|  65|0x0000000084b00000, 0x0000000084b00000, 0x0000000084c00000|  0%| F|  |TAMS 0x0000000084b00000, 0x0000000084b00000| Untracked 
|  66|0x0000000084c00000, 0x0000000084c00000, 0x0000000084d00000|  0%| F|  |TAMS 0x0000000084c00000, 0x0000000084c00000| Untracked 
|  67|0x0000000084d00000, 0x0000000084d00000, 0x0000000084e00000|  0%| F|  |TAMS 0x0000000084d00000, 0x0000000084d00000| Untracked 
|  68|0x0000000084e00000, 0x0000000084e00000, 0x0000000084f00000|  0%| F|  |TAMS 0x0000000084e00000, 0x0000000084e00000| Untracked 
|  69|0x0000000084f00000, 0x0000000084f00000, 0x0000000085000000|  0%| F|  |TAMS 0x0000000084f00000, 0x0000000084f00000| Untracked 
|  70|0x0000000085000000, 0x0000000085000000, 0x0000000085100000|  0%| F|  |TAMS 0x0000000085000000, 0x0000000085000000| Untracked 
|  71|0x0000000085100000, 0x0000000085100000, 0x0000000085200000|  0%| F|  |TAMS 0x0000000085100000, 0x0000000085100000| Untracked 
|  72|0x0000000085200000, 0x0000000085200000, 0x0000000085300000|  0%| F|  |TAMS 0x0000000085200000, 0x0000000085200000| Untracked 
|  73|0x0000000085300000, 0x0000000085300000, 0x0000000085400000|  0%| F|  |TAMS 0x0000000085300000, 0x0000000085300000| Untracked 
|  74|0x0000000085400000, 0x0000000085400000, 0x0000000085500000|  0%| F|  |TAMS 0x0000000085400000, 0x0000000085400000| Untracked 
|  75|0x0000000085500000, 0x0000000085500000, 0x0000000085600000|  0%| F|  |TAMS 0x0000000085500000, 0x0000000085500000| Untracked 
|  76|0x0000000085600000, 0x0000000085600000, 0x0000000085700000|  0%| F|  |TAMS 0x0000000085600000, 0x0000000085600000| Untracked 
|  77|0x0000000085700000, 0x0000000085700000, 0x0000000085800000|  0%| F|  |TAMS 0x0000000085700000, 0x0000000085700000| Untracked 
|  78|0x0000000085800000, 0x0000000085800000, 0x0000000085900000|  0%| F|  |TAMS 0x0000000085800000, 0x0000000085800000| Untracked 
|  79|0x0000000085900000, 0x0000000085900000, 0x0000000085a00000|  0%| F|  |TAMS 0x0000000085900000, 0x0000000085900000| Untracked 
|  80|0x0000000085a00000, 0x0000000085a00000, 0x0000000085b00000|  0%| F|  |TAMS 0x0000000085a00000, 0x0000000085a00000| Untracked 
|  81|0x0000000085b00000, 0x0000000085b00000, 0x0000000085c00000|  0%| F|  |TAMS 0x0000000085b00000, 0x0000000085b00000| Untracked 
|  82|0x0000000085c00000, 0x0000000085c00000, 0x0000000085d00000|  0%| F|  |TAMS 0x0000000085c00000, 0x0000000085c00000| Untracked 
|  83|0x0000000085d00000, 0x0000000085d00000, 0x0000000085e00000|  0%| F|  |TAMS 0x0000000085d00000, 0x0000000085d00000| Untracked 
|  84|0x0000000085e00000, 0x0000000085e00000, 0x0000000085f00000|  0%| F|  |TAMS 0x0000000085e00000, 0x0000000085e00000| Untracked 
|  85|0x0000000085f00000, 0x0000000085f00000, 0x0000000086000000|  0%| F|  |TAMS 0x0000000085f00000, 0x0000000085f00000| Untracked 
|  86|0x0000000086000000, 0x0000000086000000, 0x0000000086100000|  0%| F|  |TAMS 0x0000000086000000, 0x0000000086000000| Untracked 
|  87|0x0000000086100000, 0x0000000086100000, 0x0000000086200000|  0%| F|  |TAMS 0x0000000086100000, 0x0000000086100000| Untracked 
|  88|0x0000000086200000, 0x0000000086200000, 0x0000000086300000|  0%| F|  |TAMS 0x0000000086200000, 0x0000000086200000| Untracked 
|  89|0x0000000086300000, 0x0000000086300000, 0x0000000086400000|  0%| F|  |TAMS 0x0000000086300000, 0x0000000086300000| Untracked 
|  90|0x0000000086400000, 0x0000000086400000, 0x0000000086500000|  0%| F|  |TAMS 0x0000000086400000, 0x0000000086400000| Untracked 
|  91|0x0000000086500000, 0x0000000086500000, 0x0000000086600000|  0%| F|  |TAMS 0x0000000086500000, 0x0000000086500000| Untracked 
|  92|0x0000000086600000, 0x0000000086600000, 0x0000000086700000|  0%| F|  |TAMS 0x0000000086600000, 0x0000000086600000| Untracked 
|  93|0x0000000086700000, 0x0000000086700000, 0x0000000086800000|  0%| F|  |TAMS 0x0000000086700000, 0x0000000086700000| Untracked 
|  94|0x0000000086800000, 0x0000000086800000, 0x0000000086900000|  0%| F|  |TAMS 0x0000000086800000, 0x0000000086800000| Untracked 
|  95|0x0000000086900000, 0x0000000086900000, 0x0000000086a00000|  0%| F|  |TAMS 0x0000000086900000, 0x0000000086900000| Untracked 
|  96|0x0000000086a00000, 0x0000000086a00000, 0x0000000086b00000|  0%| F|  |TAMS 0x0000000086a00000, 0x0000000086a00000| Untracked 
|  97|0x0000000086b00000, 0x0000000086b00000, 0x0000000086c00000|  0%| F|  |TAMS 0x0000000086b00000, 0x0000000086b00000| Untracked 
|  98|0x0000000086c00000, 0x0000000086c00000, 0x0000000086d00000|  0%| F|  |TAMS 0x0000000086c00000, 0x0000000086c00000| Untracked 
|  99|0x0000000086d00000, 0x0000000086d00000, 0x0000000086e00000|  0%| F|  |TAMS 0x0000000086d00000, 0x0000000086d00000| Untracked 
| 100|0x0000000086e00000, 0x0000000086e00000, 0x0000000086f00000|  0%| F|  |TAMS 0x0000000086e00000, 0x0000000086e00000| Untracked 
| 101|0x0000000086f00000, 0x0000000086f00000, 0x0000000087000000|  0%| F|  |TAMS 0x0000000086f00000, 0x0000000086f00000| Untracked 
| 102|0x0000000087000000, 0x0000000087000000, 0x0000000087100000|  0%| F|  |TAMS 0x0000000087000000, 0x0000000087000000| Untracked 
| 103|0x0000000087100000, 0x0000000087100000, 0x0000000087200000|  0%| F|  |TAMS 0x0000000087100000, 0x0000000087100000| Untracked 
| 104|0x0000000087200000, 0x0000000087200000, 0x0000000087300000|  0%| F|  |TAMS 0x0000000087200000, 0x0000000087200000| Untracked 
| 105|0x0000000087300000, 0x0000000087300000, 0x0000000087400000|  0%| F|  |TAMS 0x0000000087300000, 0x0000000087300000| Untracked 
| 106|0x0000000087400000, 0x0000000087400000, 0x0000000087500000|  0%| F|  |TAMS 0x0000000087400000, 0x0000000087400000| Untracked 
| 107|0x0000000087500000, 0x0000000087500000, 0x0000000087600000|  0%| F|  |TAMS 0x0000000087500000, 0x0000000087500000| Untracked 
| 108|0x0000000087600000, 0x0000000087600000, 0x0000000087700000|  0%| F|  |TAMS 0x0000000087600000, 0x0000000087600000| Untracked 
| 109|0x0000000087700000, 0x0000000087700000, 0x0000000087800000|  0%| F|  |TAMS 0x0000000087700000, 0x0000000087700000| Untracked 
| 110|0x0000000087800000, 0x0000000087800000, 0x0000000087900000|  0%| F|  |TAMS 0x0000000087800000, 0x0000000087800000| Untracked 
| 111|0x0000000087900000, 0x0000000087900000, 0x0000000087a00000|  0%| F|  |TAMS 0x0000000087900000, 0x0000000087900000| Untracked 
| 112|0x0000000087a00000, 0x0000000087a00000, 0x0000000087b00000|  0%| F|  |TAMS 0x0000000087a00000, 0x0000000087a00000| Untracked 
| 113|0x0000000087b00000, 0x0000000087b00000, 0x0000000087c00000|  0%| F|  |TAMS 0x0000000087b00000, 0x0000000087b00000| Untracked 
| 114|0x0000000087c00000, 0x0000000087c00000, 0x0000000087d00000|  0%| F|  |TAMS 0x0000000087c00000, 0x0000000087c00000| Untracked 
| 115|0x0000000087d00000, 0x0000000087d00000, 0x0000000087e00000|  0%| F|  |TAMS 0x0000000087d00000, 0x0000000087d00000| Untracked 
| 116|0x0000000087e00000, 0x0000000087e00000, 0x0000000087f00000|  0%| F|  |TAMS 0x0000000087e00000, 0x0000000087e00000| Untracked 
| 117|0x0000000087f00000, 0x0000000087f4a750, 0x0000000088000000| 29%| E|  |TAMS 0x0000000087f00000, 0x0000000087f00000| Complete 
| 118|0x0000000088000000, 0x0000000088100000, 0x0000000088100000|100%| E|CS|TAMS 0x0000000088000000, 0x0000000088000000| Complete 
| 119|0x0000000088100000, 0x0000000088200000, 0x0000000088200000|100%| E|CS|TAMS 0x0000000088100000, 0x0000000088100000| Complete 
| 120|0x0000000088200000, 0x0000000088300000, 0x0000000088300000|100%| E|CS|TAMS 0x0000000088200000, 0x0000000088200000| Complete 
| 121|0x0000000088300000, 0x0000000088400000, 0x0000000088400000|100%| E|CS|TAMS 0x0000000088300000, 0x0000000088300000| Complete 
| 122|0x0000000088400000, 0x0000000088500000, 0x0000000088500000|100%| E|CS|TAMS 0x0000000088400000, 0x0000000088400000| Complete 
| 123|0x0000000088500000, 0x0000000088600000, 0x0000000088600000|100%| E|CS|TAMS 0x0000000088500000, 0x0000000088500000| Complete 
| 124|0x0000000088600000, 0x0000000088700000, 0x0000000088700000|100%| E|  |TAMS 0x0000000088600000, 0x0000000088600000| Complete 
| 125|0x0000000088700000, 0x0000000088800000, 0x0000000088800000|100%| E|CS|TAMS 0x0000000088700000, 0x0000000088700000| Complete 
| 126|0x0000000088800000, 0x0000000088900000, 0x0000000088900000|100%| E|CS|TAMS 0x0000000088800000, 0x0000000088800000| Complete 
| 127|0x0000000088900000, 0x0000000088a00000, 0x0000000088a00000|100%| E|CS|TAMS 0x0000000088900000, 0x0000000088900000| Complete 

Card table byte_map: [0x000002277dfb0000,0x000002277e3b0000] _byte_map_base: 0x000002277dbab000

Marking Bits (Prev, Next): (CMBitMap*) 0x00000227668c4768, (CMBitMap*) 0x00000227668c47a0
 Prev Bits: [0x0000022700000000, 0x0000022701fd8000)
 Next Bits: [0x0000022701fe0000, 0x0000022703fb8000)

Polling page: 0x0000022764750000

Metaspace:

Usage:
  Non-class:      8.93 MB capacity,     8.79 MB ( 98%) used,   137.09 KB (  1%) free+waste,     9.06 KB ( <1%) overhead. 
      Class:    886.00 KB capacity,   821.57 KB ( 93%) used,    60.68 KB (  7%) free+waste,     3.75 KB ( <1%) overhead. 
       Both:      9.79 MB capacity,     9.59 MB ( 98%) used,   197.77 KB (  2%) free+waste,    12.81 KB ( <1%) overhead. 

Virtual space:
  Non-class space:       10.00 MB reserved,       9.00 MB ( 90%) committed 
      Class space:        1.00 GB reserved,     896.00 KB ( <1%) committed 
             Both:        1.01 GB reserved,       9.88 MB ( <1%) committed 

Chunk freelists:
   Non-Class:  9.00 KB
       Class:  1.25 KB
        Both:  10.25 KB

CodeHeap 'non-profiled nmethods': size=120064Kb used=208Kb max_used=208Kb free=119855Kb
 bounds [0x0000022776670000, 0x00000227768e0000, 0x000002277dbb0000]
CodeHeap 'profiled nmethods': size=120000Kb used=1160Kb max_used=1160Kb free=118839Kb
 bounds [0x000002276f140000, 0x000002276f3b0000, 0x0000022776670000]
CodeHeap 'non-nmethods': size=5696Kb used=1131Kb max_used=1141Kb free=4564Kb
 bounds [0x000002276ebb0000, 0x000002276ee20000, 0x000002276f140000]
 total_blobs=1343 nmethods=703 adapters=377
 compilation: enabled
              stopped_count=0, restarted_count=0
 full_count=0

Compilation events (10 events):
Event: 1.163 Thread 0x000002277ece9000  699   !   3       java.util.zip.ZipFile$ZipFileInputStream::close (59 bytes)
Event: 1.163 Thread 0x000002277ece9000 nmethod 699 0x000002276f25e510 code [0x000002276f25e6e0, 0x000002276f25eb30]
Event: 1.164 Thread 0x000002277ece9000  700       3       java.io.WinNTFileSystem::prefixLength (91 bytes)
Event: 1.165 Thread 0x000002277ece9000 nmethod 700 0x000002276f25ed10 code [0x000002276f25f020, 0x000002276f260380]
Event: 1.165 Thread 0x000002277ece9000  701       1       java.util.zip.ZipEntry::getSize (5 bytes)
Event: 1.165 Thread 0x000002277ece9000 nmethod 701 0x00000227766a3d90 code [0x00000227766a3f40, 0x00000227766a4058]
Event: 1.175 Thread 0x000002277ece9000  703       3       java.util.WeakHashMap::remove (133 bytes)
Event: 1.176 Thread 0x000002277ece9000 nmethod 703 0x000002276f260a10 code [0x000002276f260c60, 0x000002276f261770]
Event: 1.176 Thread 0x000002277ece9000  702       3       java.util.Collections$SetFromMap::remove (19 bytes)
Event: 1.176 Thread 0x000002277ece9000 nmethod 702 0x000002276f261b90 code [0x000002276f261d60, 0x000002276f261ff0]

GC Heap History (0 events):
No events

Deoptimization events (1 events):
Event: 0.234 Thread 0x0000022766887000 Uncommon trap: reason=unstable_if action=reinterpret pc=0x0000022776675d90 method=java.lang.String.isLatin1()Z @ 10 c2

Classes redefined (0 events):
No events

Internal exceptions (6 events):
Event: 1.158 Thread 0x0000022766887000 Exception <a 'java/security/PrivilegedActionException'{0x00000000880e3b40}> (0x00000000880e3b40) thrown at [t:/workspace/open/src/hotspot/share/prims/jvm.cpp, line 1308]
Event: 1.158 Thread 0x0000022766887000 Exception <a 'java/security/PrivilegedActionException'{0x00000000880e6558}> (0x00000000880e6558) thrown at [t:/workspace/open/src/hotspot/share/prims/jvm.cpp, line 1308]
Event: 1.158 Thread 0x0000022766887000 Exception <a 'java/security/PrivilegedActionException'{0x00000000880e75f8}> (0x00000000880e75f8) thrown at [t:/workspace/open/src/hotspot/share/prims/jvm.cpp, line 1308]
Event: 1.160 Thread 0x0000022766887000 Exception <a 'java/security/PrivilegedActionException'{0x00000000880f5c90}> (0x00000000880f5c90) thrown at [t:/workspace/open/src/hotspot/share/prims/jvm.cpp, line 1308]
Event: 1.160 Thread 0x0000022766887000 Exception <a 'java/security/PrivilegedActionException'{0x00000000880f6850}> (0x00000000880f6850) thrown at [t:/workspace/open/src/hotspot/share/prims/jvm.cpp, line 1308]
Event: 1.160 Thread 0x0000022766887000 Exception <a 'java/security/PrivilegedActionException'{0x00000000880f73d0}> (0x00000000880f73d0) thrown at [t:/workspace/open/src/hotspot/share/prims/jvm.cpp, line 1308]

Events (10 events):
Event: 1.162 loading class org/lwjgl/openal/AL10
Event: 1.162 loading class org/lwjgl/openal/AL10 done
Event: 1.164 loading class org/lwjgl/openal/ALC10
Event: 1.164 loading class org/lwjgl/openal/ALC10 done
Event: 1.174 loading class org/lwjgl/openal/ALCdevice
Event: 1.174 loading class org/lwjgl/openal/ALCdevice done
Event: 1.175 loading class org/lwjgl/openal/ALCcontext
Event: 1.175 loading class org/lwjgl/openal/ALCcontext done
Event: 1.176 loading class org/lwjgl/openal/Util
Event: 1.176 loading class org/lwjgl/openal/Util done


Dynamic libraries:
0x00007ff75c5c0000 - 0x00007ff75c607000 	D:\Program Files\Java\jdk-11.0.1\bin\java.exe
0x00007ffd85210000 - 0x00007ffd853fd000 	C:\Windows\SYSTEM32\ntdll.dll
0x00007ffd833a0000 - 0x00007ffd83453000 	C:\Windows\System32\KERNEL32.DLL
0x00007ffd81ad0000 - 0x00007ffd81d63000 	C:\Windows\System32\KERNELBASE.dll
0x00007ffd830b0000 - 0x00007ffd83153000 	C:\Windows\System32\ADVAPI32.dll
0x00007ffd82a50000 - 0x00007ffd82aee000 	C:\Windows\System32\msvcrt.dll
0x00007ffd83010000 - 0x00007ffd830ae000 	C:\Windows\System32\sechost.dll
0x00007ffd82920000 - 0x00007ffd82a43000 	C:\Windows\System32\RPCRT4.dll
0x00007ffd84a10000 - 0x00007ffd84ba7000 	C:\Windows\System32\USER32.dll
0x00007ffd82220000 - 0x00007ffd82240000 	C:\Windows\System32\win32u.dll
0x00007ffd84bb0000 - 0x00007ffd84bd9000 	C:\Windows\System32\GDI32.dll
0x00007ffd82080000 - 0x00007ffd8221a000 	C:\Windows\System32\gdi32full.dll
0x00007ffd82240000 - 0x00007ffd822e0000 	C:\Windows\System32\msvcp_win.dll
0x00007ffd82340000 - 0x00007ffd8243c000 	C:\Windows\System32\ucrtbase.dll
0x00007ffd71a60000 - 0x00007ffd71cd9000 	C:\Windows\WinSxS\amd64_microsoft.windows.common-controls_6595b64144ccf1df_6.0.17763.134_none_05b3373a07211a5c\COMCTL32.dll
0x00007ffd825f0000 - 0x00007ffd8291d000 	C:\Windows\System32\combase.dll
0x00007ffd81d70000 - 0x00007ffd81dee000 	C:\Windows\System32\bcryptPrimitives.dll
0x00007ffd7c360000 - 0x00007ffd7c36a000 	C:\Windows\SYSTEM32\VERSION.dll
0x00007ffd85140000 - 0x00007ffd8516e000 	C:\Windows\System32\IMM32.DLL
0x00007ffd77750000 - 0x00007ffd77766000 	D:\Program Files\Java\jdk-11.0.1\bin\vcruntime140.dll
0x00007ffd5f210000 - 0x00007ffd5f2ba000 	D:\Program Files\Java\jdk-11.0.1\bin\msvcp140.dll
0x00007ffd46530000 - 0x00007ffd47072000 	D:\Program Files\Java\jdk-11.0.1\bin\server\jvm.dll
0x00007ffd85170000 - 0x00007ffd85178000 	C:\Windows\System32\PSAPI.DLL
0x00007ffd5a080000 - 0x00007ffd5a089000 	C:\Windows\SYSTEM32\WSOCK32.dll
0x00007ffd83330000 - 0x00007ffd8339d000 	C:\Windows\System32\WS2_32.dll
0x00007ffd7f490000 - 0x00007ffd7f4b4000 	C:\Windows\SYSTEM32\WINMM.dll
0x00007ffd7f460000 - 0x00007ffd7f48d000 	C:\Windows\SYSTEM32\WINMMBASE.dll
0x00007ffd812e0000 - 0x00007ffd8132a000 	C:\Windows\System32\cfgmgr32.dll
0x00007ffd81270000 - 0x00007ffd81281000 	C:\Windows\System32\kernel.appcore.dll
0x00007ffd77730000 - 0x00007ffd77741000 	D:\Program Files\Java\jdk-11.0.1\bin\verify.dll
0x00007ffd7a370000 - 0x00007ffd7a55d000 	C:\Windows\SYSTEM32\DBGHELP.DLL
0x00007ffd7ad80000 - 0x00007ffd7adaa000 	C:\Windows\SYSTEM32\dbgcore.DLL
0x00007ffd72040000 - 0x00007ffd72069000 	D:\Program Files\Java\jdk-11.0.1\bin\java.dll
0x00007ffd70880000 - 0x00007ffd708af000 	D:\Program Files\Java\jdk-11.0.1\bin\instrument.dll
0x00007ffd767d0000 - 0x00007ffd767e6000 	D:\Program Files\Java\jdk-11.0.1\bin\zip.dll
0x00007ffd7cc00000 - 0x00007ffd7cc0a000 	D:\Program Files\Java\jdk-11.0.1\bin\jimage.dll
0x00007ffd83460000 - 0x00007ffd8494f000 	C:\Windows\System32\SHELL32.dll
0x00007ffd84950000 - 0x00007ffd849f8000 	C:\Windows\System32\shcore.dll
0x00007ffd81330000 - 0x00007ffd81a78000 	C:\Windows\System32\windows.storage.dll
0x00007ffd81290000 - 0x00007ffd812b4000 	C:\Windows\System32\profapi.dll
0x00007ffd81210000 - 0x00007ffd8126d000 	C:\Windows\System32\powrprof.dll
0x00007ffd82c70000 - 0x00007ffd82cc2000 	C:\Windows\System32\shlwapi.dll
0x00007ffd81a80000 - 0x00007ffd81a97000 	C:\Windows\System32\cryptsp.dll
0x00007ffd76750000 - 0x00007ffd76769000 	D:\Program Files\Java\jdk-11.0.1\bin\net.dll
0x00007ffd7ce90000 - 0x00007ffd7cf81000 	C:\Windows\SYSTEM32\WINHTTP.dll
0x00007ffd80aa0000 - 0x00007ffd80b07000 	C:\Windows\system32\mswsock.dll
0x00007ffd76610000 - 0x00007ffd76623000 	D:\Program Files\Java\jdk-11.0.1\bin\nio.dll
0x00007ffd71f40000 - 0x00007ffd71f5a000 	D:\Program Files\JetBrains\IntelliJ IDEA 2018.2.6\bin\breakgen64.dll
0x0000000180000000 - 0x0000000180053000 	D:\Users\jakem\Documents\jakemchugh1\Space Shooter\lib\natives\lwjgl64.dll
0x00007ffd5bfc0000 - 0x00007ffd5c0e7000 	C:\Windows\SYSTEM32\OPENGL32.dll
0x00007ffd5dfe0000 - 0x00007ffd5e00c000 	C:\Windows\SYSTEM32\GLU32.dll
0x00007ffd7f680000 - 0x00007ffd7f71c000 	C:\Windows\system32\uxtheme.dll
0x00007ffd82cf0000 - 0x00007ffd82e5a000 	C:\Windows\System32\MSCTF.dll
0x00007ffd82ba0000 - 0x00007ffd82c6b000 	C:\Windows\System32\OLEAUT32.dll
0x00007ffd7fb90000 - 0x00007ffd7fbbe000 	C:\Windows\system32\dwmapi.dll
0x00007ffd81ea0000 - 0x00007ffd8207b000 	C:\Windows\System32\CRYPT32.dll
0x00007ffd812c0000 - 0x00007ffd812d2000 	C:\Windows\System32\MSASN1.dll
0x00007ffd70750000 - 0x00007ffd70779000 	C:\Windows\System32\DriverStore\FileRepository\c0313676.inf_amd64_96bbc33bec5c7fae\atig6pxx.dll
0x0000000062280000 - 0x00000000642ee000 	C:\Windows\System32\DriverStore\FileRepository\c0313676.inf_amd64_96bbc33bec5c7fae\atio6axx.dll
0x00007ffd84cc0000 - 0x00007ffd85135000 	C:\Windows\System32\SETUPAPI.dll
0x00007ffd81aa0000 - 0x00007ffd81ac6000 	C:\Windows\System32\bcrypt.dll
0x00007ffd70ca0000 - 0x00007ffd70cc2000 	C:\Windows\SYSTEM32\dxva2.dll
0x00007ffd5f650000 - 0x00007ffd5f68d000 	C:\Windows\System32\DriverStore\FileRepository\c0313676.inf_amd64_96bbc33bec5c7fae\atig6txx.dll
0x00007ffd58940000 - 0x00007ffd58abd000 	C:\Windows\SYSTEM32\atiadlxx.dll
0x00007ffd83160000 - 0x00007ffd832b5000 	C:\Windows\System32\ole32.dll
0x00007ffd7db80000 - 0x00007ffd7dd28000 	C:\Windows\SYSTEM32\PROPSYS.dll
0x00007ffd81110000 - 0x00007ffd81138000 	C:\Windows\SYSTEM32\USERENV.dll
0x00007ffd7dd60000 - 0x00007ffd7dd73000 	C:\Windows\SYSTEM32\WTSAPI32.dll
0x00007ffd81020000 - 0x00007ffd81049000 	C:\Windows\SYSTEM32\DEVOBJ.dll
0x00007ffd822e0000 - 0x00007ffd82338000 	C:\Windows\System32\WINTRUST.dll
0x00007ffd76ef0000 - 0x00007ffd76f85000 	C:\Windows\System32\TextInputFramework.dll
0x00007ffd7f100000 - 0x00007ffd7f1e2000 	C:\Windows\System32\CoreMessaging.dll
0x00007ffd7cf90000 - 0x00007ffd7d2b2000 	C:\Windows\System32\CoreUIComponents.dll
0x00007ffd802e0000 - 0x00007ffd80311000 	C:\Windows\SYSTEM32\ntmarta.dll
0x00007ffd7cd10000 - 0x00007ffd7ce63000 	C:\Windows\SYSTEM32\wintypes.dll
0x00007ffd6e620000 - 0x00007ffd6e6cd000 	C:\Windows\SYSTEM32\mscms.dll
0x00007ffd69300000 - 0x00007ffd69310000 	C:\Windows\SYSTEM32\ColorAdapterClient.dll
0x00007ffd5bd40000 - 0x00007ffd5bd83000 	C:\Windows\SYSTEM32\icm32.dll
0x00007ffd57180000 - 0x00007ffd5731f000 	D:\Program Files\Java\jdk-11.0.1\bin\awt.dll
0x00007ffd7e570000 - 0x00007ffd7eb2e000 	C:\Windows\SYSTEM32\d2d1.dll
0x00007ffd7f3d0000 - 0x00007ffd7f45c000 	C:\Windows\SYSTEM32\apphelp.dll
0x0000022711380000 - 0x00000227113e4000 	D:\Users\jakem\Documents\jakemchugh1\Space Shooter\lib\natives\OpenAL64.dll
0x00007ffd82af0000 - 0x00007ffd82b92000 	C:\Windows\System32\clbcatq.dll
0x00007ffd79fb0000 - 0x00007ffd7a020000 	C:\Windows\System32\MMDevApi.dll
0x00007ffd4f000000 - 0x00007ffd4f096000 	C:\Windows\SYSTEM32\dsound.dll
0x00007ffd78c80000 - 0x00007ffd78dc8000 	C:\Windows\SYSTEM32\AUDIOSES.DLL
0x00007ffd7d750000 - 0x00007ffd7d75a000 	C:\Windows\SYSTEM32\AVRT.dll

dbghelp: loaded successfully - version: 4.0.5 - missing functions: none
symbol engine: initialized successfully - sym options: 0x614 - pdb path: .;D:\Program Files\Java\jdk-11.0.1\bin;C:\Windows\SYSTEM32;C:\Windows\WinSxS\amd64_microsoft.windows.common-controls_6595b64144ccf1df_6.0.17763.134_none_05b3373a07211a5c;D:\Program Files\Java\jdk-11.0.1\bin\server;D:\Program Files\JetBrains\IntelliJ IDEA 2018.2.6\bin;D:\Users\jakem\Documents\jakemchugh1\Space Shooter\lib\natives;C:\Windows\System32\DriverStore\FileRepository\c0313676.inf_amd64_96bbc33bec5c7fae

VM Arguments:
jvm_args: -Djava.library.path=D:\Users\jakem\Documents\jakemchugh1\Space Shooter\lib\natives -javaagent:D:\Program Files\JetBrains\IntelliJ IDEA 2018.2.6\lib\idea_rt.jar=61404:D:\Program Files\JetBrains\IntelliJ IDEA 2018.2.6\bin -Dfile.encoding=UTF-8 
java_command: main.SpaceEngine
java_class_path (initial): D:\Users\jakem\Documents\jakemchugh1\Space Shooter\out\production\Space Shooter;D:\Users\jakem\Documents\jakemchugh1\Space Shooter\lib\jars\ibxm.jar;D:\Users\jakem\Documents\jakemchugh1\Space Shooter\lib\jars\jnlp.jar;D:\Users\jakem\Documents\jakemchugh1\Space Shooter\lib\jars\lwjgl.jar;D:\Users\jakem\Documents\jakemchugh1\Space Shooter\lib\jars\slick.jar;D:\Users\jakem\Documents\jakemchugh1\Space Shooter\lib\jars\jinput.jar;D:\Users\jakem\Documents\jakemchugh1\Space Shooter\lib\jars\jogg-0.0.7.jar;D:\Users\jakem\Documents\jakemchugh1\Space Shooter\lib\jars\lwjgl_util.jar;D:\Users\jakem\Documents\jakemchugh1\Space Shooter\lib\jars\slick-util.jar;D:\Users\jakem\Documents\jakemchugh1\Space Shooter\lib\jars\jorbis-0.0.15.jar;D:\Users\jakem\Documents\jakemchugh1\Space Shooter\lib\jars\natives-windows.jar
Launcher Type: SUN_STANDARD

[Global flags]
     intx CICompilerCount                          = 3                                         {product} {ergonomic}
     uint ConcGCThreads                            = 1                                         {product} {ergonomic}
     uint G1ConcRefinementThreads                  = 4                                         {product} {ergonomic}
   size_t G1HeapRegionSize                         = 1048576                                   {product} {ergonomic}
    uintx GCDrainStackTargetSize                   = 64                                        {product} {ergonomic}
   size_t InitialHeapSize                          = 134217728                                 {product} {ergonomic}
   size_t MarkStackSize                            = 4194304                                   {product} {ergonomic}
   size_t MaxHeapSize                              = 2136997888                                {product} {ergonomic}
   size_t MaxNewSize                               = 1281359872                                {product} {ergonomic}
   size_t MinHeapDeltaBytes                        = 1048576                                   {product} {ergonomic}
    uintx NonNMethodCodeHeapSize                   = 5830092                                {pd product} {ergonomic}
    uintx NonProfiledCodeHeapSize                  = 122914074                              {pd product} {ergonomic}
    uintx ProfiledCodeHeapSize                     = 122914074                              {pd product} {ergonomic}
    uintx ReservedCodeCacheSize                    = 251658240                              {pd product} {ergonomic}
     bool SegmentedCodeCache                       = true                                      {product} {ergonomic}
     bool UseCompressedClassPointers               = true                                 {lp64_product} {ergonomic}
     bool UseCompressedOops                        = true                                 {lp64_product} {ergonomic}
     bool UseG1GC                                  = true                                      {product} {ergonomic}
     bool UseLargePagesIndividualAllocation        = false                                  {pd product} {ergonomic}

Logging:
Log output configuration:
 #0: stdout all=warning uptime,level,tags
 #1: stderr all=off uptime,level,tags

Environment Variables:
PATH=C:\Windows\system32;C:\Windows;C:\Windows\System32\Wbem;C:\Windows\System32\WindowsPowerShell\v1.0\;C:\Windows\System32\OpenSSH\;D:\Program Files\Git\cmd;C:\Users\jakem\AppData\Local\Microsoft\WindowsApps;C:\Users\jakem\AppData\Local\GitHubDesktop\bin
USERNAME=jakem
OS=Windows_NT
PROCESSOR_IDENTIFIER=Intel64 Family 6 Model 94 Stepping 3, GenuineIntel



---------------  S Y S T E M  ---------------

OS: Windows 10 , 64 bit Build 17763 (10.0.17763.1)

CPU:total 4 (initial active 4) (2 cores per cpu, 2 threads per core) family 6 model 94 stepping 3, cmov, cx8, fxsr, mmx, sse, sse2, sse3, ssse3, sse4.1, sse4.2, popcnt, avx, avx2, aes, clmul, erms, 3dnowpref, lzcnt, ht, tsc, tscinvbit, bmi1, bmi2, adx, fma

Memory: 4k page, system-wide physical 8148M (3757M free)
TotalPageFile size 13268M (AvailPageFile size 5378M)
current process WorkingSet (physical memory assigned to process): 109M, peak: 109M
current process commit charge ("private bytes"): 294M, peak: 294M

vm_info: Java HotSpot(TM) 64-Bit Server VM (11.0.1+13-LTS) for windows-amd64 JRE (11.0.1+13-LTS), built on Oct  6 2018 13:20:16 by "mach5one" with MS VC++ 15.5 (VS2017)

END.
